<!DOCTYPE html>
<html>
  <head>
    <meta charset="utf-8"/>
    <title>Test Report</title>
    <link href="assets/style.css" rel="stylesheet" type="text/css"/></head>
  <body onLoad="init()">
    <script>/* This Source Code Form is subject to the terms of the Mozilla Public
 * License, v. 2.0. If a copy of the MPL was not distributed with this file,
 * You can obtain one at http://mozilla.org/MPL/2.0/. */


function toArray(iter) {
    if (iter === null) {
        return null;
    }
    return Array.prototype.slice.call(iter);
}

function find(selector, elem) { // eslint-disable-line no-redeclare
    if (!elem) {
        elem = document;
    }
    return elem.querySelector(selector);
}

function findAll(selector, elem) {
    if (!elem) {
        elem = document;
    }
    return toArray(elem.querySelectorAll(selector));
}

function sortColumn(elem) {
    toggleSortStates(elem);
    const colIndex = toArray(elem.parentNode.childNodes).indexOf(elem);
    let key;
    if (elem.classList.contains('result')) {
        key = keyResult;
    } else if (elem.classList.contains('links')) {
        key = keyLink;
    } else {
        key = keyAlpha;
    }
    sortTable(elem, key(colIndex));
}

function showAllExtras() { // eslint-disable-line no-unused-vars
    findAll('.col-result').forEach(showExtras);
}

function hideAllExtras() { // eslint-disable-line no-unused-vars
    findAll('.col-result').forEach(hideExtras);
}

function showExtras(colresultElem) {
    const extras = colresultElem.parentNode.nextElementSibling;
    const expandcollapse = colresultElem.firstElementChild;
    extras.classList.remove('collapsed');
    expandcollapse.classList.remove('expander');
    expandcollapse.classList.add('collapser');
}

function hideExtras(colresultElem) {
    const extras = colresultElem.parentNode.nextElementSibling;
    const expandcollapse = colresultElem.firstElementChild;
    extras.classList.add('collapsed');
    expandcollapse.classList.remove('collapser');
    expandcollapse.classList.add('expander');
}

function showFilters() {
    const filterItems = document.getElementsByClassName('filter');
    for (let i = 0; i < filterItems.length; i++)
        filterItems[i].hidden = false;
}

function addCollapse() {
    // Add links for show/hide all
    const resulttable = find('table#results-table');
    const showhideall = document.createElement('p');
    showhideall.innerHTML = '<a href="javascript:showAllExtras()">Show all details</a> / ' +
                            '<a href="javascript:hideAllExtras()">Hide all details</a>';
    resulttable.parentElement.insertBefore(showhideall, resulttable);

    // Add show/hide link to each result
    findAll('.col-result').forEach(function(elem) {
        const collapsed = getQueryParameter('collapsed') || 'Passed';
        const extras = elem.parentNode.nextElementSibling;
        const expandcollapse = document.createElement('span');
        if (extras.classList.contains('collapsed')) {
            expandcollapse.classList.add('expander');
        } else if (collapsed.includes(elem.innerHTML)) {
            extras.classList.add('collapsed');
            expandcollapse.classList.add('expander');
        } else {
            expandcollapse.classList.add('collapser');
        }
        elem.appendChild(expandcollapse);

        elem.addEventListener('click', function(event) {
            if (event.currentTarget.parentNode.nextElementSibling.classList.contains('collapsed')) {
                showExtras(event.currentTarget);
            } else {
                hideExtras(event.currentTarget);
            }
        });
    });
}

function getQueryParameter(name) {
    const match = RegExp('[?&]' + name + '=([^&]*)').exec(window.location.search);
    return match && decodeURIComponent(match[1].replace(/\+/g, ' '));
}

function init () { // eslint-disable-line no-unused-vars
    resetSortHeaders();

    addCollapse();

    showFilters();

    sortColumn(find('.initial-sort'));

    findAll('.sortable').forEach(function(elem) {
        elem.addEventListener('click',
            function() {
                sortColumn(elem);
            }, false);
    });
}

function sortTable(clicked, keyFunc) {
    const rows = findAll('.results-table-row');
    const reversed = !clicked.classList.contains('asc');
    const sortedRows = sort(rows, keyFunc, reversed);
    /* Whole table is removed here because browsers acts much slower
     * when appending existing elements.
     */
    const thead = document.getElementById('results-table-head');
    document.getElementById('results-table').remove();
    const parent = document.createElement('table');
    parent.id = 'results-table';
    parent.appendChild(thead);
    sortedRows.forEach(function(elem) {
        parent.appendChild(elem);
    });
    document.getElementsByTagName('BODY')[0].appendChild(parent);
}

function sort(items, keyFunc, reversed) {
    const sortArray = items.map(function(item, i) {
        return [keyFunc(item), i];
    });

    sortArray.sort(function(a, b) {
        const keyA = a[0];
        const keyB = b[0];

        if (keyA == keyB) return 0;

        if (reversed) {
            return keyA < keyB ? 1 : -1;
        } else {
            return keyA > keyB ? 1 : -1;
        }
    });

    return sortArray.map(function(item) {
        const index = item[1];
        return items[index];
    });
}

function keyAlpha(colIndex) {
    return function(elem) {
        return elem.childNodes[1].childNodes[colIndex].firstChild.data.toLowerCase();
    };
}

function keyLink(colIndex) {
    return function(elem) {
        const dataCell = elem.childNodes[1].childNodes[colIndex].firstChild;
        return dataCell == null ? '' : dataCell.innerText.toLowerCase();
    };
}

function keyResult(colIndex) {
    return function(elem) {
        const strings = ['Error', 'Failed', 'Rerun', 'XFailed', 'XPassed',
            'Skipped', 'Passed'];
        return strings.indexOf(elem.childNodes[1].childNodes[colIndex].firstChild.data);
    };
}

function resetSortHeaders() {
    findAll('.sort-icon').forEach(function(elem) {
        elem.parentNode.removeChild(elem);
    });
    findAll('.sortable').forEach(function(elem) {
        const icon = document.createElement('div');
        icon.className = 'sort-icon';
        icon.textContent = 'vvv';
        elem.insertBefore(icon, elem.firstChild);
        elem.classList.remove('desc', 'active');
        elem.classList.add('asc', 'inactive');
    });
}

function toggleSortStates(elem) {
    //if active, toggle between asc and desc
    if (elem.classList.contains('active')) {
        elem.classList.toggle('asc');
        elem.classList.toggle('desc');
    }

    //if inactive, reset all other functions and add ascending active
    if (elem.classList.contains('inactive')) {
        resetSortHeaders();
        elem.classList.remove('inactive');
        elem.classList.add('active');
    }
}

function isAllRowsHidden(value) {
    return value.hidden == false;
}

function filterTable(elem) { // eslint-disable-line no-unused-vars
    const outcomeAtt = 'data-test-result';
    const outcome = elem.getAttribute(outcomeAtt);
    const classOutcome = outcome + ' results-table-row';
    const outcomeRows = document.getElementsByClassName(classOutcome);

    for(let i = 0; i < outcomeRows.length; i++){
        outcomeRows[i].hidden = !elem.checked;
    }

    const rows = findAll('.results-table-row').filter(isAllRowsHidden);
    const allRowsHidden = rows.length == 0 ? true : false;
    const notFoundMessage = document.getElementById('not-found-message');
    notFoundMessage.hidden = !allRowsHidden;
}
</script>
    <h1>report.html</h1>
    <p>Report generated on 24-Dec-2020 at 15:06:46 by <a href="https://pypi.python.org/pypi/pytest-html">pytest-html</a> v3.1.1</p>
    <h2>Environment</h2>
    <table id="environment">
      <tr>
        <td>JAVA_HOME</td>
        <td>C:\Program Files\Java\jdk-14.0.2</td></tr>
      <tr>
        <td>Packages</td>
        <td>{"pluggy": "0.13.1", "py": "1.9.0", "pytest": "6.2.1"}</td></tr>
      <tr>
        <td>Platform</td>
        <td>Windows-10-10.0.18362-SP0</td></tr>
      <tr>
        <td>Plugins</td>
        <td>{"allure-pytest": "2.8.22", "bdd": "4.0.2", "fixtures": "0.1.0", "forked": "1.3.0", "html": "3.1.1", "metadata": "1.10.0", "ordering": "0.6", "rerunfailures": "9.1.1", "xdist": "2.1.0"}</td></tr>
      <tr>
        <td>Python</td>
        <td>3.8.2</td></tr></table>
    <h2>Summary</h2>
    <p>7 tests ran in 91.32 seconds. </p>
    <p class="filter" hidden="true">(Un)check the boxes to filter the results.</p><input checked="true" class="filter" data-test-result="passed" disabled="true" hidden="true" name="filter_checkbox" onChange="filterTable(this)" type="checkbox"/><span class="passed">0 passed</span>, <input checked="true" class="filter" data-test-result="skipped" hidden="true" name="filter_checkbox" onChange="filterTable(this)" type="checkbox"/><span class="skipped">1 skipped</span>, <input checked="true" class="filter" data-test-result="failed" hidden="true" name="filter_checkbox" onChange="filterTable(this)" type="checkbox"/><span class="failed">7 failed</span>, <input checked="true" class="filter" data-test-result="error" disabled="true" hidden="true" name="filter_checkbox" onChange="filterTable(this)" type="checkbox"/><span class="error">0 errors</span>, <input checked="true" class="filter" data-test-result="xfailed" disabled="true" hidden="true" name="filter_checkbox" onChange="filterTable(this)" type="checkbox"/><span class="xfailed">0 expected failures</span>, <input checked="true" class="filter" data-test-result="xpassed" disabled="true" hidden="true" name="filter_checkbox" onChange="filterTable(this)" type="checkbox"/><span class="xpassed">0 unexpected passes</span>, <input checked="true" class="filter" data-test-result="rerun" disabled="true" hidden="true" name="filter_checkbox" onChange="filterTable(this)" type="checkbox"/><span class="rerun">0 rerun</span>
    <h2>Results</h2>
    <table id="results-table">
      <thead id="results-table-head">
        <tr>
          <th class="sortable result initial-sort" col="result">Result</th>
          <th class="sortable" col="name">Test</th>
          <th class="sortable" col="duration">Duration</th>
          <th class="sortable links" col="links">Links</th></tr>
        <tr hidden="true" id="not-found-message">
          <th colspan="4">No results found. Try to check the filters</th></tr></thead>
      <tbody class="failed results-table-row">
        <tr>
          <td class="col-result">Failed</td>
          <td class="col-name">tests/step_defs/test_compare.py::test_compare_functionality[Sony Xperia-IPhone]</td>
          <td class="col-duration">12.45</td>
          <td class="col-links"></td></tr>
        <tr>
          <td class="extra" colspan="4">
            <div><div><img src="tests/step_defs/test_compare.py_test_compare_functionality[Sony Xperia-IPhone].png" alt="screenshot" style="width:304px;height:228px;" onclick="window.open(this.src)" align="right"/></div></div>
            <div class="log">request = &lt;FixtureRequest for &lt;Function test_compare_functionality[Sony Xperia-IPhone]&gt;&gt;<br/><br/>    @pytest.mark.usefixtures(*function_args)<br/>    def scenario_wrapper(request):<br/>&gt;       _execute_scenario(feature, scenario, request, encoding)<br/><br/>..\..\appdata\local\programs\python\python38-32\lib\site-packages\pytest_bdd\scenario.py:177: <br/>_ _ _ _ _ _ _ _ _ _ _ _ _ _ _ _ _ _ _ _ _ _ _ _ _ _ _ _ _ _ _ _ _ _ _ _ _ _ _ _ <br/>..\..\appdata\local\programs\python\python38-32\lib\site-packages\pytest_bdd\scenario.py:143: in _execute_scenario<br/>    _execute_step_function(request, scenario, step, step_func)<br/>..\..\appdata\local\programs\python\python38-32\lib\site-packages\pytest_bdd\scenario.py:113: in _execute_step_function<br/>    return_value = step_func(**kwargs)<br/>_ _ _ _ _ _ _ _ _ _ _ _ _ _ _ _ _ _ _ _ _ _ _ _ _ _ _ _ _ _ _ _ _ _ _ _ _ _ _ _ <br/><br/>mobile = &lt;pages.mobile_page.mobile_page.MobilePage object at 0x04E11F10&gt;, mts = &lt;utilities.mark_test_status.MarkTestStatus object at 0x04E503B8&gt;<br/><br/>    @then(&quot;compare products page is displayed.&quot;)<br/>    def then_step1(mobile, mts):<br/>        result = mobile.confirm_compare_window()<br/>        mts.finalMark(testcase=&quot;compare functionality&quot;, result=result, resultMessage=&quot;Product compare successfully&quot;)<br/>&gt;       assert True == False<br/><span class="error">E       assert True == False</span><br/><span class="error">E         +True</span><br/><span class="error">E         -False</span><br/><br/>tests\step_defs\test_compare.py:47: AssertionError<br/> ------------------------------Captured stdout call------------------------------ <br/>step failed ::  Then &quot;compare products page is displayed.&quot;
<br/> -------------------------------Captured log call-------------------------------- <br/>INFO     MobilePage:selenium_driver.py:54 Element found with locatorType : link &amp; locator : MOBILE&lt;selenium.webdriver.remote.webelement.WebElement (session=&quot;8866bb110873e47c9d498ef3a0c69868&quot;, element=&quot;e781224e-e03c-4ef4-990e-f69fa01e75e2&quot;)&gt;
INFO     MobilePage:selenium_driver.py:104 Clicked on Element : &lt;selenium.webdriver.remote.webelement.WebElement (session=&quot;8866bb110873e47c9d498ef3a0c69868&quot;, element=&quot;e781224e-e03c-4ef4-990e-f69fa01e75e2&quot;)&gt;
INFO     MobilePage:selenium_driver.py:54 Element found with locatorType : xpath &amp; locator : //a[text()=&#x27;Sony Xperia&#x27;]/parent::h2/parent::div/child::div/child::ul/li/a[text()=&#x27;Add to Compare&#x27;]&lt;selenium.webdriver.remote.webelement.WebElement (session=&quot;8866bb110873e47c9d498ef3a0c69868&quot;, element=&quot;3ddefda2-0d40-4d25-89c5-5e0862e37781&quot;)&gt;
INFO     MobilePage:selenium_driver.py:104 Clicked on Element : &lt;selenium.webdriver.remote.webelement.WebElement (session=&quot;8866bb110873e47c9d498ef3a0c69868&quot;, element=&quot;3ddefda2-0d40-4d25-89c5-5e0862e37781&quot;)&gt;
INFO     MobilePage:selenium_driver.py:54 Element found with locatorType : xpath &amp; locator : //a[text()=&#x27;IPhone&#x27;]/parent::h2/parent::div/child::div/child::ul/li/a[text()=&#x27;Add to Compare&#x27;]&lt;selenium.webdriver.remote.webelement.WebElement (session=&quot;8866bb110873e47c9d498ef3a0c69868&quot;, element=&quot;d4509a13-fab6-444e-bff7-afa559a7c934&quot;)&gt;
INFO     MobilePage:selenium_driver.py:104 Clicked on Element : &lt;selenium.webdriver.remote.webelement.WebElement (session=&quot;8866bb110873e47c9d498ef3a0c69868&quot;, element=&quot;d4509a13-fab6-444e-bff7-afa559a7c934&quot;)&gt;
INFO     MobilePage:selenium_driver.py:54 Element found with locatorType : xpath &amp; locator : //span[text()=&#x27;Compare&#x27;]&lt;selenium.webdriver.remote.webelement.WebElement (session=&quot;8866bb110873e47c9d498ef3a0c69868&quot;, element=&quot;883640ee-f43a-4909-81fa-7c8b9fe64ad2&quot;)&gt;
INFO     MobilePage:selenium_driver.py:104 Clicked on Element : &lt;selenium.webdriver.remote.webelement.WebElement (session=&quot;8866bb110873e47c9d498ef3a0c69868&quot;, element=&quot;883640ee-f43a-4909-81fa-7c8b9fe64ad2&quot;)&gt;
INFO     MobilePage:selenium_driver.py:383 The current window handle is :: CDwindow-19150123C360609A429A7F31A4129F74
INFO     MobilePage:selenium_driver.py:388 All available Window&#x27;s are :: [&#x27;CDwindow-19150123C360609A429A7F31A4129F74&#x27;, &#x27;CDwindow-E03B3E69754C968CE7D27A5BAD03EF91&#x27;]
INFO     MobilePage:selenium_driver.py:399 Switched to window :: CDwindow-E03B3E69754C968CE7D27A5BAD03EF91
INFO     MobilePage:selenium_driver.py:54 Element found with locatorType : xpath &amp; locator : //h1[text()=&#x27;Compare Products&#x27;]&lt;selenium.webdriver.remote.webelement.WebElement (session=&quot;8866bb110873e47c9d498ef3a0c69868&quot;, element=&quot;bf196663-c17e-43ce-a821-61871f997459&quot;)&gt;
INFO     MobilePage:selenium_driver.py:284 Element is displayed with locator :: //h1[text()=&#x27;Compare Products&#x27;]
INFO     MarkTestStatus:mark_test_status.py:20 ###Verification Successfull :: + Product compare successfully
INFO     MarkTestStatus:mark_test_status.py:49 compare functionality### Test Passed<br/></div></td></tr></tbody>
      <tbody class="failed results-table-row">
        <tr>
          <td class="col-result">Failed</td>
          <td class="col-name">tests/step_defs/test_compare.py::test_compare_functionality[Samsung Galaxy-IPhone]</td>
          <td class="col-duration">13.23</td>
          <td class="col-links"></td></tr>
        <tr>
          <td class="extra" colspan="4">
            <div><div><img src="tests/step_defs/test_compare.py_test_compare_functionality[Samsung Galaxy-IPhone].png" alt="screenshot" style="width:304px;height:228px;" onclick="window.open(this.src)" align="right"/></div></div>
            <div class="log">request = &lt;FixtureRequest for &lt;Function test_compare_functionality[Samsung Galaxy-IPhone]&gt;&gt;<br/><br/>    @pytest.mark.usefixtures(*function_args)<br/>    def scenario_wrapper(request):<br/>&gt;       _execute_scenario(feature, scenario, request, encoding)<br/><br/>..\..\appdata\local\programs\python\python38-32\lib\site-packages\pytest_bdd\scenario.py:177: <br/>_ _ _ _ _ _ _ _ _ _ _ _ _ _ _ _ _ _ _ _ _ _ _ _ _ _ _ _ _ _ _ _ _ _ _ _ _ _ _ _ <br/>..\..\appdata\local\programs\python\python38-32\lib\site-packages\pytest_bdd\scenario.py:143: in _execute_scenario<br/>    _execute_step_function(request, scenario, step, step_func)<br/>..\..\appdata\local\programs\python\python38-32\lib\site-packages\pytest_bdd\scenario.py:113: in _execute_step_function<br/>    return_value = step_func(**kwargs)<br/>_ _ _ _ _ _ _ _ _ _ _ _ _ _ _ _ _ _ _ _ _ _ _ _ _ _ _ _ _ _ _ _ _ _ _ _ _ _ _ _ <br/><br/>mobile = &lt;pages.mobile_page.mobile_page.MobilePage object at 0x050D02B0&gt;, mts = &lt;utilities.mark_test_status.MarkTestStatus object at 0x050D0628&gt;<br/><br/>    @then(&quot;compare products page is displayed.&quot;)<br/>    def then_step1(mobile, mts):<br/>        result = mobile.confirm_compare_window()<br/>        mts.finalMark(testcase=&quot;compare functionality&quot;, result=result, resultMessage=&quot;Product compare successfully&quot;)<br/>&gt;       assert True == False<br/><span class="error">E       assert True == False</span><br/><span class="error">E         +True</span><br/><span class="error">E         -False</span><br/><br/>tests\step_defs\test_compare.py:47: AssertionError<br/> ------------------------------Captured stdout call------------------------------ <br/>step failed ::  Then &quot;compare products page is displayed.&quot;
<br/> -------------------------------Captured log call-------------------------------- <br/>INFO     MobilePage:selenium_driver.py:54 Element found with locatorType : link &amp; locator : MOBILE&lt;selenium.webdriver.remote.webelement.WebElement (session=&quot;033c628b89613a62de8b7361a509b145&quot;, element=&quot;c461f0dc-097f-48c9-948d-2afb265a5643&quot;)&gt;
INFO     MobilePage:selenium_driver.py:104 Clicked on Element : &lt;selenium.webdriver.remote.webelement.WebElement (session=&quot;033c628b89613a62de8b7361a509b145&quot;, element=&quot;c461f0dc-097f-48c9-948d-2afb265a5643&quot;)&gt;
INFO     MobilePage:selenium_driver.py:54 Element found with locatorType : xpath &amp; locator : //a[text()=&#x27;Samsung Galaxy&#x27;]/parent::h2/parent::div/child::div/child::ul/li/a[text()=&#x27;Add to Compare&#x27;]&lt;selenium.webdriver.remote.webelement.WebElement (session=&quot;033c628b89613a62de8b7361a509b145&quot;, element=&quot;857c643c-3212-4cfc-91f8-274f6c8327f4&quot;)&gt;
INFO     MobilePage:selenium_driver.py:104 Clicked on Element : &lt;selenium.webdriver.remote.webelement.WebElement (session=&quot;033c628b89613a62de8b7361a509b145&quot;, element=&quot;857c643c-3212-4cfc-91f8-274f6c8327f4&quot;)&gt;
INFO     MobilePage:selenium_driver.py:54 Element found with locatorType : xpath &amp; locator : //a[text()=&#x27;IPhone&#x27;]/parent::h2/parent::div/child::div/child::ul/li/a[text()=&#x27;Add to Compare&#x27;]&lt;selenium.webdriver.remote.webelement.WebElement (session=&quot;033c628b89613a62de8b7361a509b145&quot;, element=&quot;f37250fe-161a-4775-b850-6bebeea1ff3f&quot;)&gt;
INFO     MobilePage:selenium_driver.py:104 Clicked on Element : &lt;selenium.webdriver.remote.webelement.WebElement (session=&quot;033c628b89613a62de8b7361a509b145&quot;, element=&quot;f37250fe-161a-4775-b850-6bebeea1ff3f&quot;)&gt;
INFO     MobilePage:selenium_driver.py:54 Element found with locatorType : xpath &amp; locator : //span[text()=&#x27;Compare&#x27;]&lt;selenium.webdriver.remote.webelement.WebElement (session=&quot;033c628b89613a62de8b7361a509b145&quot;, element=&quot;fca9f9b5-c997-4efe-ad0d-d3619df3789b&quot;)&gt;
INFO     MobilePage:selenium_driver.py:104 Clicked on Element : &lt;selenium.webdriver.remote.webelement.WebElement (session=&quot;033c628b89613a62de8b7361a509b145&quot;, element=&quot;fca9f9b5-c997-4efe-ad0d-d3619df3789b&quot;)&gt;
INFO     MobilePage:selenium_driver.py:383 The current window handle is :: CDwindow-A7AE7A0F19318139782D17B4499E8BD0
INFO     MobilePage:selenium_driver.py:388 All available Window&#x27;s are :: [&#x27;CDwindow-A7AE7A0F19318139782D17B4499E8BD0&#x27;, &#x27;CDwindow-4BB7718D3908B10514D9CE0B18C3A2C2&#x27;]
INFO     MobilePage:selenium_driver.py:399 Switched to window :: CDwindow-4BB7718D3908B10514D9CE0B18C3A2C2
INFO     MobilePage:selenium_driver.py:54 Element found with locatorType : xpath &amp; locator : //h1[text()=&#x27;Compare Products&#x27;]&lt;selenium.webdriver.remote.webelement.WebElement (session=&quot;033c628b89613a62de8b7361a509b145&quot;, element=&quot;df1dfdb7-a37f-4901-a759-467902dc5c71&quot;)&gt;
INFO     MobilePage:selenium_driver.py:284 Element is displayed with locator :: //h1[text()=&#x27;Compare Products&#x27;]
INFO     MarkTestStatus:mark_test_status.py:20 ###Verification Successfull :: + Product compare successfully
INFO     MarkTestStatus:mark_test_status.py:49 compare functionality### Test Passed<br/></div></td></tr></tbody>
      <tbody class="failed results-table-row">
        <tr>
          <td class="col-result">Failed</td>
          <td class="col-name">tests/step_defs/test_compare.py::test_compare_functionality[Sony Xperia-Samsung Galaxy]</td>
          <td class="col-duration">10.83</td>
          <td class="col-links"></td></tr>
        <tr>
          <td class="extra" colspan="4">
            <div><div><img src="tests/step_defs/test_compare.py_test_compare_functionality[Sony Xperia-Samsung Galaxy].png" alt="screenshot" style="width:304px;height:228px;" onclick="window.open(this.src)" align="right"/></div></div>
            <div class="log">request = &lt;FixtureRequest for &lt;Function test_compare_functionality[Sony Xperia-Samsung Galaxy]&gt;&gt;<br/><br/>    @pytest.mark.usefixtures(*function_args)<br/>    def scenario_wrapper(request):<br/>&gt;       _execute_scenario(feature, scenario, request, encoding)<br/><br/>..\..\appdata\local\programs\python\python38-32\lib\site-packages\pytest_bdd\scenario.py:177: <br/>_ _ _ _ _ _ _ _ _ _ _ _ _ _ _ _ _ _ _ _ _ _ _ _ _ _ _ _ _ _ _ _ _ _ _ _ _ _ _ _ <br/>..\..\appdata\local\programs\python\python38-32\lib\site-packages\pytest_bdd\scenario.py:143: in _execute_scenario<br/>    _execute_step_function(request, scenario, step, step_func)<br/>..\..\appdata\local\programs\python\python38-32\lib\site-packages\pytest_bdd\scenario.py:113: in _execute_step_function<br/>    return_value = step_func(**kwargs)<br/>_ _ _ _ _ _ _ _ _ _ _ _ _ _ _ _ _ _ _ _ _ _ _ _ _ _ _ _ _ _ _ _ _ _ _ _ _ _ _ _ <br/><br/>mobile = &lt;pages.mobile_page.mobile_page.MobilePage object at 0x04E11778&gt;, mts = &lt;utilities.mark_test_status.MarkTestStatus object at 0x05109928&gt;<br/><br/>    @then(&quot;compare products page is displayed.&quot;)<br/>    def then_step1(mobile, mts):<br/>        result = mobile.confirm_compare_window()<br/>        mts.finalMark(testcase=&quot;compare functionality&quot;, result=result, resultMessage=&quot;Product compare successfully&quot;)<br/>&gt;       assert True == False<br/><span class="error">E       assert True == False</span><br/><span class="error">E         +True</span><br/><span class="error">E         -False</span><br/><br/>tests\step_defs\test_compare.py:47: AssertionError<br/> ------------------------------Captured stdout call------------------------------ <br/>step failed ::  Then &quot;compare products page is displayed.&quot;
<br/> -------------------------------Captured log call-------------------------------- <br/>INFO     MobilePage:selenium_driver.py:54 Element found with locatorType : link &amp; locator : MOBILE&lt;selenium.webdriver.remote.webelement.WebElement (session=&quot;0bd90c40a6aa29e99c1a9ba431ccc04b&quot;, element=&quot;70b0429e-40db-4fa2-b492-ffd211834847&quot;)&gt;
INFO     MobilePage:selenium_driver.py:104 Clicked on Element : &lt;selenium.webdriver.remote.webelement.WebElement (session=&quot;0bd90c40a6aa29e99c1a9ba431ccc04b&quot;, element=&quot;70b0429e-40db-4fa2-b492-ffd211834847&quot;)&gt;
INFO     MobilePage:selenium_driver.py:54 Element found with locatorType : xpath &amp; locator : //a[text()=&#x27;Sony Xperia&#x27;]/parent::h2/parent::div/child::div/child::ul/li/a[text()=&#x27;Add to Compare&#x27;]&lt;selenium.webdriver.remote.webelement.WebElement (session=&quot;0bd90c40a6aa29e99c1a9ba431ccc04b&quot;, element=&quot;9b8f21f4-e1b2-46a1-a388-a66bf0e87e00&quot;)&gt;
INFO     MobilePage:selenium_driver.py:104 Clicked on Element : &lt;selenium.webdriver.remote.webelement.WebElement (session=&quot;0bd90c40a6aa29e99c1a9ba431ccc04b&quot;, element=&quot;9b8f21f4-e1b2-46a1-a388-a66bf0e87e00&quot;)&gt;
INFO     MobilePage:selenium_driver.py:54 Element found with locatorType : xpath &amp; locator : //a[text()=&#x27;Samsung Galaxy&#x27;]/parent::h2/parent::div/child::div/child::ul/li/a[text()=&#x27;Add to Compare&#x27;]&lt;selenium.webdriver.remote.webelement.WebElement (session=&quot;0bd90c40a6aa29e99c1a9ba431ccc04b&quot;, element=&quot;707122ec-6791-453e-821f-a6c4b4367641&quot;)&gt;
INFO     MobilePage:selenium_driver.py:104 Clicked on Element : &lt;selenium.webdriver.remote.webelement.WebElement (session=&quot;0bd90c40a6aa29e99c1a9ba431ccc04b&quot;, element=&quot;707122ec-6791-453e-821f-a6c4b4367641&quot;)&gt;
INFO     MobilePage:selenium_driver.py:54 Element found with locatorType : xpath &amp; locator : //span[text()=&#x27;Compare&#x27;]&lt;selenium.webdriver.remote.webelement.WebElement (session=&quot;0bd90c40a6aa29e99c1a9ba431ccc04b&quot;, element=&quot;54172fbd-d806-41e3-a2e2-9792167ad2ae&quot;)&gt;
INFO     MobilePage:selenium_driver.py:104 Clicked on Element : &lt;selenium.webdriver.remote.webelement.WebElement (session=&quot;0bd90c40a6aa29e99c1a9ba431ccc04b&quot;, element=&quot;54172fbd-d806-41e3-a2e2-9792167ad2ae&quot;)&gt;
INFO     MobilePage:selenium_driver.py:383 The current window handle is :: CDwindow-A26A32370F5B0F1FFA7C181C675D4077
INFO     MobilePage:selenium_driver.py:388 All available Window&#x27;s are :: [&#x27;CDwindow-A26A32370F5B0F1FFA7C181C675D4077&#x27;, &#x27;CDwindow-FAEEAFBBD637AAFD1DA4BBF78DF6D30B&#x27;]
INFO     MobilePage:selenium_driver.py:399 Switched to window :: CDwindow-FAEEAFBBD637AAFD1DA4BBF78DF6D30B
INFO     MobilePage:selenium_driver.py:54 Element found with locatorType : xpath &amp; locator : //h1[text()=&#x27;Compare Products&#x27;]&lt;selenium.webdriver.remote.webelement.WebElement (session=&quot;0bd90c40a6aa29e99c1a9ba431ccc04b&quot;, element=&quot;85bb4288-fb4c-4edc-a729-0a45d58743bb&quot;)&gt;
INFO     MobilePage:selenium_driver.py:284 Element is displayed with locator :: //h1[text()=&#x27;Compare Products&#x27;]
INFO     MarkTestStatus:mark_test_status.py:20 ###Verification Successfull :: + Product compare successfully
INFO     MarkTestStatus:mark_test_status.py:49 compare functionality### Test Passed<br/></div></td></tr></tbody>
      <tbody class="failed results-table-row">
        <tr>
          <td class="col-result">Failed</td>
          <td class="col-name">tests/step_defs/test_mobile.py::test_sort_by_functionality[Name-[IPHONE, SAMSUNG GALAXY1, SONY XPERIA]]</td>
          <td class="col-duration">10.00</td>
          <td class="col-links"></td></tr>
        <tr>
          <td class="extra" colspan="4">
            <div><div><img src="tests/step_defs/test_mobile.py_test_sort_by_functionality[Name-[IPHONE, SAMSUNG GALAXY1, SONY XPERIA]].png" alt="screenshot" style="width:304px;height:228px;" onclick="window.open(this.src)" align="right"/></div></div>
            <div class="log">request = &lt;FixtureRequest for &lt;Function test_sort_by_functionality[Name-[IPHONE, SAMSUNG GALAXY1, SONY XPERIA]]&gt;&gt;<br/><br/>    @pytest.mark.usefixtures(*function_args)<br/>    def scenario_wrapper(request):<br/>&gt;       _execute_scenario(feature, scenario, request, encoding)<br/><br/>..\..\appdata\local\programs\python\python38-32\lib\site-packages\pytest_bdd\scenario.py:177: <br/>_ _ _ _ _ _ _ _ _ _ _ _ _ _ _ _ _ _ _ _ _ _ _ _ _ _ _ _ _ _ _ _ _ _ _ _ _ _ _ _ <br/>..\..\appdata\local\programs\python\python38-32\lib\site-packages\pytest_bdd\scenario.py:143: in _execute_scenario<br/>    _execute_step_function(request, scenario, step, step_func)<br/>..\..\appdata\local\programs\python\python38-32\lib\site-packages\pytest_bdd\scenario.py:113: in _execute_step_function<br/>    return_value = step_func(**kwargs)<br/>tests\step_defs\test_mobile.py:47: in then_mobile_are_sorted<br/>    mts.finalMark(testcase=&#x27;Sort By&#x27;,result=result,resultMessage=&#x27;Sort By Functionality Tested&#x27;)<br/>_ _ _ _ _ _ _ _ _ _ _ _ _ _ _ _ _ _ _ _ _ _ _ _ _ _ _ _ _ _ _ _ _ _ _ _ _ _ _ _ <br/><br/>self = &lt;utilities.mark_test_status.MarkTestStatus object at 0x050F04A8&gt;, testcase = &#x27;Sort By&#x27;, result = False, resultMessage = &#x27;Sort By Functionality Tested&#x27;<br/><br/>    def finalMark(self,testcase,result,resultMessage):<br/>        self.setResult(result, resultMessage)<br/>    <br/>        if &quot;Fail&quot; in self.resultlist:<br/>            self.cl.info(testcase + &quot;### Test Failed&quot;)<br/>            self.resultlist.clear()<br/>&gt;           assert True == False<br/><span class="error">E           AssertionError</span><br/><br/>utilities\mark_test_status.py:46: AssertionError<br/> ------------------------------Captured stdout call------------------------------ <br/>[&#x27;IPHONE&#x27;, &#x27;SAMSUNG GALAXY1&#x27;, &#x27;SONY XPERIA&#x27;]
step failed ::  Then &quot;all the available mobiles are sorted by &quot;&lt;result&gt;&quot;&quot;
<br/> -------------------------------Captured log call-------------------------------- <br/>INFO     MobilePage:selenium_driver.py:54 Element found with locatorType : link &amp; locator : MOBILE&lt;selenium.webdriver.remote.webelement.WebElement (session=&quot;04d5e2e9116164330363a5e243b9ac57&quot;, element=&quot;6054b4ee-776a-427c-a876-ea2c86c492c3&quot;)&gt;
INFO     MobilePage:selenium_driver.py:104 Clicked on Element : &lt;selenium.webdriver.remote.webelement.WebElement (session=&quot;04d5e2e9116164330363a5e243b9ac57&quot;, element=&quot;6054b4ee-776a-427c-a876-ea2c86c492c3&quot;)&gt;
INFO     MobilePage:selenium_driver.py:54 Element found with locatorType : xpath &amp; locator : //select[@title=&#x27;Sort By&#x27;]&lt;selenium.webdriver.remote.webelement.WebElement (session=&quot;04d5e2e9116164330363a5e243b9ac57&quot;, element=&quot;c7040af2-5cd7-487b-ae9c-2a897c30dd40&quot;)&gt;
INFO     MobilePage:selenium_driver.py:90 Selected element with value Name from the drop down using Visible Text
INFO     MobilePage:selenium_driver.py:70 Element found with locatorType : xpath&amp; locator : //li[@class=&#x27;item last&#x27;]//child::div/h2/a
INFO     MobilePage:selenium_driver.py:146 [&#x27;IPHONE&#x27;, &#x27;SAMSUNG GALAXY&#x27;, &#x27;SONY XPERIA&#x27;]
INFO     Utilities:util.py:68 Expected List is :: [&#x27;IPHONE&#x27;, &#x27;SAMSUNG GALAXY1&#x27;, &#x27;SONY XPERIA&#x27;]
INFO     Utilities:util.py:69 Actual List is :: [&#x27;IPHONE&#x27;, &#x27;SAMSUNG GALAXY&#x27;, &#x27;SONY XPERIA&#x27;]
INFO     MarkTestStatus:mark_test_status.py:23 ###Verification Failed :: + Sort By Functionality Tested
INFO     MarkTestStatus:selenium_driver.py:273 ### Screenshot saved at path: C:\Users\A610037\PycharmProjects\git-pytest-bdd\base\..//screenshots//Sort By Functionality Tested16088223603965.png
INFO     MarkTestStatus:mark_test_status.py:44 Sort By### Test Failed<br/></div></td></tr></tbody>
      <tbody class="failed results-table-row">
        <tr>
          <td class="col-result">Failed</td>
          <td class="col-name">tests/step_defs/test_mobile.py::test_sort_by_functionality[Price-[SONY XPERIA, SAMSUNG GALAXY2, IPHONE]]</td>
          <td class="col-duration">8.84</td>
          <td class="col-links"></td></tr>
        <tr>
          <td class="extra" colspan="4">
            <div><div><img src="tests/step_defs/test_mobile.py_test_sort_by_functionality[Price-[SONY XPERIA, SAMSUNG GALAXY2, IPHONE]].png" alt="screenshot" style="width:304px;height:228px;" onclick="window.open(this.src)" align="right"/></div></div>
            <div class="log">request = &lt;FixtureRequest for &lt;Function test_sort_by_functionality[Price-[SONY XPERIA, SAMSUNG GALAXY2, IPHONE]]&gt;&gt;<br/><br/>    @pytest.mark.usefixtures(*function_args)<br/>    def scenario_wrapper(request):<br/>&gt;       _execute_scenario(feature, scenario, request, encoding)<br/><br/>..\..\appdata\local\programs\python\python38-32\lib\site-packages\pytest_bdd\scenario.py:177: <br/>_ _ _ _ _ _ _ _ _ _ _ _ _ _ _ _ _ _ _ _ _ _ _ _ _ _ _ _ _ _ _ _ _ _ _ _ _ _ _ _ <br/>..\..\appdata\local\programs\python\python38-32\lib\site-packages\pytest_bdd\scenario.py:143: in _execute_scenario<br/>    _execute_step_function(request, scenario, step, step_func)<br/>..\..\appdata\local\programs\python\python38-32\lib\site-packages\pytest_bdd\scenario.py:113: in _execute_step_function<br/>    return_value = step_func(**kwargs)<br/>tests\step_defs\test_mobile.py:47: in then_mobile_are_sorted<br/>    mts.finalMark(testcase=&#x27;Sort By&#x27;,result=result,resultMessage=&#x27;Sort By Functionality Tested&#x27;)<br/>_ _ _ _ _ _ _ _ _ _ _ _ _ _ _ _ _ _ _ _ _ _ _ _ _ _ _ _ _ _ _ _ _ _ _ _ _ _ _ _ <br/><br/>self = &lt;utilities.mark_test_status.MarkTestStatus object at 0x0514E598&gt;, testcase = &#x27;Sort By&#x27;, result = False, resultMessage = &#x27;Sort By Functionality Tested&#x27;<br/><br/>    def finalMark(self,testcase,result,resultMessage):<br/>        self.setResult(result, resultMessage)<br/>    <br/>        if &quot;Fail&quot; in self.resultlist:<br/>            self.cl.info(testcase + &quot;### Test Failed&quot;)<br/>            self.resultlist.clear()<br/>&gt;           assert True == False<br/><span class="error">E           AssertionError</span><br/><br/>utilities\mark_test_status.py:46: AssertionError<br/> ------------------------------Captured stdout call------------------------------ <br/>[&#x27;SONY XPERIA&#x27;, &#x27;SAMSUNG GALAXY2&#x27;, &#x27;IPHONE&#x27;]
step failed ::  Then &quot;all the available mobiles are sorted by &quot;&lt;result&gt;&quot;&quot;
<br/> -------------------------------Captured log call-------------------------------- <br/>INFO     MobilePage:selenium_driver.py:54 Element found with locatorType : link &amp; locator : MOBILE&lt;selenium.webdriver.remote.webelement.WebElement (session=&quot;09000464b173a9d8b28eae5b43d531fe&quot;, element=&quot;b2f43e59-eb07-4379-be0a-5625045156ca&quot;)&gt;
INFO     MobilePage:selenium_driver.py:104 Clicked on Element : &lt;selenium.webdriver.remote.webelement.WebElement (session=&quot;09000464b173a9d8b28eae5b43d531fe&quot;, element=&quot;b2f43e59-eb07-4379-be0a-5625045156ca&quot;)&gt;
INFO     MobilePage:selenium_driver.py:54 Element found with locatorType : xpath &amp; locator : //select[@title=&#x27;Sort By&#x27;]&lt;selenium.webdriver.remote.webelement.WebElement (session=&quot;09000464b173a9d8b28eae5b43d531fe&quot;, element=&quot;1e93874e-4107-4c6b-9333-76a74c188591&quot;)&gt;
INFO     MobilePage:selenium_driver.py:90 Selected element with value Price from the drop down using Visible Text
INFO     MobilePage:selenium_driver.py:70 Element found with locatorType : xpath&amp; locator : //li[@class=&#x27;item last&#x27;]//child::div/h2/a
INFO     MobilePage:selenium_driver.py:146 [&#x27;SONY XPERIA&#x27;, &#x27;SAMSUNG GALAXY&#x27;, &#x27;IPHONE&#x27;]
INFO     Utilities:util.py:68 Expected List is :: [&#x27;SONY XPERIA&#x27;, &#x27;SAMSUNG GALAXY2&#x27;, &#x27;IPHONE&#x27;]
INFO     Utilities:util.py:69 Actual List is :: [&#x27;SONY XPERIA&#x27;, &#x27;SAMSUNG GALAXY&#x27;, &#x27;IPHONE&#x27;]
INFO     MarkTestStatus:mark_test_status.py:23 ###Verification Failed :: + Sort By Functionality Tested
INFO     MarkTestStatus:selenium_driver.py:273 ### Screenshot saved at path: C:\Users\A610037\PycharmProjects\git-pytest-bdd\base\..//screenshots//Sort By Functionality Tested16088223696996.png
INFO     MarkTestStatus:mark_test_status.py:44 Sort By### Test Failed<br/></div></td></tr></tbody>
      <tbody class="failed results-table-row">
        <tr>
          <td class="col-result">Failed</td>
          <td class="col-name">tests/step_defs/test_mobile.py::test_sort_by_functionality[Position-[SONY XPERIA, IPHONE, SAMSUNG GALAXY3]]</td>
          <td class="col-duration">9.51</td>
          <td class="col-links"></td></tr>
        <tr>
          <td class="extra" colspan="4">
            <div><div><img src="tests/step_defs/test_mobile.py_test_sort_by_functionality[Position-[SONY XPERIA, IPHONE, SAMSUNG GALAXY3]].png" alt="screenshot" style="width:304px;height:228px;" onclick="window.open(this.src)" align="right"/></div></div>
            <div class="log">request = &lt;FixtureRequest for &lt;Function test_sort_by_functionality[Position-[SONY XPERIA, IPHONE, SAMSUNG GALAXY3]]&gt;&gt;<br/><br/>    @pytest.mark.usefixtures(*function_args)<br/>    def scenario_wrapper(request):<br/>&gt;       _execute_scenario(feature, scenario, request, encoding)<br/><br/>..\..\appdata\local\programs\python\python38-32\lib\site-packages\pytest_bdd\scenario.py:177: <br/>_ _ _ _ _ _ _ _ _ _ _ _ _ _ _ _ _ _ _ _ _ _ _ _ _ _ _ _ _ _ _ _ _ _ _ _ _ _ _ _ <br/>..\..\appdata\local\programs\python\python38-32\lib\site-packages\pytest_bdd\scenario.py:143: in _execute_scenario<br/>    _execute_step_function(request, scenario, step, step_func)<br/>..\..\appdata\local\programs\python\python38-32\lib\site-packages\pytest_bdd\scenario.py:113: in _execute_step_function<br/>    return_value = step_func(**kwargs)<br/>tests\step_defs\test_mobile.py:47: in then_mobile_are_sorted<br/>    mts.finalMark(testcase=&#x27;Sort By&#x27;,result=result,resultMessage=&#x27;Sort By Functionality Tested&#x27;)<br/>_ _ _ _ _ _ _ _ _ _ _ _ _ _ _ _ _ _ _ _ _ _ _ _ _ _ _ _ _ _ _ _ _ _ _ _ _ _ _ _ <br/><br/>self = &lt;utilities.mark_test_status.MarkTestStatus object at 0x050FE118&gt;, testcase = &#x27;Sort By&#x27;, result = False, resultMessage = &#x27;Sort By Functionality Tested&#x27;<br/><br/>    def finalMark(self,testcase,result,resultMessage):<br/>        self.setResult(result, resultMessage)<br/>    <br/>        if &quot;Fail&quot; in self.resultlist:<br/>            self.cl.info(testcase + &quot;### Test Failed&quot;)<br/>            self.resultlist.clear()<br/>&gt;           assert True == False<br/><span class="error">E           AssertionError</span><br/><br/>utilities\mark_test_status.py:46: AssertionError<br/> ------------------------------Captured stdout call------------------------------ <br/>[&#x27;SONY XPERIA&#x27;, &#x27;IPHONE&#x27;, &#x27;SAMSUNG GALAXY3&#x27;]
step failed ::  Then &quot;all the available mobiles are sorted by &quot;&lt;result&gt;&quot;&quot;
<br/> -------------------------------Captured log call-------------------------------- <br/>INFO     MobilePage:selenium_driver.py:54 Element found with locatorType : link &amp; locator : MOBILE&lt;selenium.webdriver.remote.webelement.WebElement (session=&quot;489b306178a943bab347d32a32b22013&quot;, element=&quot;f79ff34d-207d-4494-9deb-b50cb1284b42&quot;)&gt;
INFO     MobilePage:selenium_driver.py:104 Clicked on Element : &lt;selenium.webdriver.remote.webelement.WebElement (session=&quot;489b306178a943bab347d32a32b22013&quot;, element=&quot;f79ff34d-207d-4494-9deb-b50cb1284b42&quot;)&gt;
INFO     MobilePage:selenium_driver.py:54 Element found with locatorType : xpath &amp; locator : //select[@title=&#x27;Sort By&#x27;]&lt;selenium.webdriver.remote.webelement.WebElement (session=&quot;489b306178a943bab347d32a32b22013&quot;, element=&quot;ede20ff7-1940-40cb-bb73-674ee1782db0&quot;)&gt;
INFO     MobilePage:selenium_driver.py:90 Selected element with value Position from the drop down using Visible Text
INFO     MobilePage:selenium_driver.py:70 Element found with locatorType : xpath&amp; locator : //li[@class=&#x27;item last&#x27;]//child::div/h2/a
INFO     MobilePage:selenium_driver.py:146 [&#x27;SONY XPERIA&#x27;, &#x27;IPHONE&#x27;, &#x27;SAMSUNG GALAXY&#x27;]
INFO     Utilities:util.py:68 Expected List is :: [&#x27;SONY XPERIA&#x27;, &#x27;IPHONE&#x27;, &#x27;SAMSUNG GALAXY3&#x27;]
INFO     Utilities:util.py:69 Actual List is :: [&#x27;SONY XPERIA&#x27;, &#x27;IPHONE&#x27;, &#x27;SAMSUNG GALAXY&#x27;]
INFO     MarkTestStatus:mark_test_status.py:23 ###Verification Failed :: + Sort By Functionality Tested
INFO     MarkTestStatus:selenium_driver.py:273 ### Screenshot saved at path: C:\Users\A610037\PycharmProjects\git-pytest-bdd\base\..//screenshots//Sort By Functionality Tested16088223788765.png
INFO     MarkTestStatus:mark_test_status.py:44 Sort By### Test Failed<br/></div></td></tr></tbody>
      <tbody class="failed results-table-row">
        <tr>
          <td class="col-result">Failed</td>
          <td class="col-name">tests/step_defs/test_registration.py::test_registration[Test-twentyfive-test@twentyfive.com-test12345-test12345-Thank you for registering with Main Website Store.]</td>
          <td class="col-duration">23.26</td>
          <td class="col-links"></td></tr>
        <tr>
          <td class="extra" colspan="4">
            <div><div><img src="tests/step_defs/test_registration.py_test_registration[Test-twentyfive-test@twentyfive.com-test12345-test12345-Thank you for registering with Main Website Store.].png" alt="screenshot" style="width:304px;height:228px;" onclick="window.open(this.src)" align="right"/></div></div>
            <div class="log">request = &lt;FixtureRequest for &lt;Function test_registration[Test-twentyfive-test@twentyfive.com-test12345-test12345-Thank you for registering with Main Website Store.]&gt;&gt;<br/><br/>    @pytest.mark.usefixtures(*function_args)<br/>    def scenario_wrapper(request):<br/>&gt;       _execute_scenario(feature, scenario, request, encoding)<br/><br/>..\..\appdata\local\programs\python\python38-32\lib\site-packages\pytest_bdd\scenario.py:177: <br/>_ _ _ _ _ _ _ _ _ _ _ _ _ _ _ _ _ _ _ _ _ _ _ _ _ _ _ _ _ _ _ _ _ _ _ _ _ _ _ _ <br/>..\..\appdata\local\programs\python\python38-32\lib\site-packages\pytest_bdd\scenario.py:143: in _execute_scenario<br/>    _execute_step_function(request, scenario, step, step_func)<br/>..\..\appdata\local\programs\python\python38-32\lib\site-packages\pytest_bdd\scenario.py:113: in _execute_step_function<br/>    return_value = step_func(**kwargs)<br/>tests\step_defs\test_registration.py:50: in successful_registration<br/>    mts.finalMark(testcase=&#x27;Account Registration&#x27;, result=result,<br/>_ _ _ _ _ _ _ _ _ _ _ _ _ _ _ _ _ _ _ _ _ _ _ _ _ _ _ _ _ _ _ _ _ _ _ _ _ _ _ _ <br/><br/>self = &lt;utilities.mark_test_status.MarkTestStatus object at 0x0514EB98&gt;, testcase = &#x27;Account Registration&#x27;, result = False, resultMessage = &#x27;Registration successful&#x27;<br/><br/>    def finalMark(self,testcase,result,resultMessage):<br/>        self.setResult(result, resultMessage)<br/>    <br/>        if &quot;Fail&quot; in self.resultlist:<br/>            self.cl.info(testcase + &quot;### Test Failed&quot;)<br/>            self.resultlist.clear()<br/>&gt;           assert True == False<br/><span class="error">E           AssertionError</span><br/><br/>utilities\mark_test_status.py:46: AssertionError<br/> ------------------------------Captured stdout call------------------------------ <br/>step failed ::  Then &quot;I see the &quot;&lt;success&gt;&quot; message&quot;
<br/> ------------------------------Captured stderr call------------------------------ <br/>  File &quot;c:\users\a610037\appdata\local\programs\python\python38-32\lib\runpy.py&quot;, line 193, in _run_module_as_main
    return _run_code(code, main_globals, None,
  File &quot;c:\users\a610037\appdata\local\programs\python\python38-32\lib\runpy.py&quot;, line 86, in _run_code
    exec(code, run_globals)
  File &quot;C:\Users\A610037\AppData\Local\Programs\Python\Python38-32\Scripts\pytest.exe\__main__.py&quot;, line 7, in &lt;module&gt;
    sys.exit(console_main())
  File &quot;c:\users\a610037\appdata\local\programs\python\python38-32\lib\site-packages\_pytest\config\__init__.py&quot;, line 185, in console_main
    code = main()
  File &quot;c:\users\a610037\appdata\local\programs\python\python38-32\lib\site-packages\_pytest\config\__init__.py&quot;, line 162, in main
    ret: Union[ExitCode, int] = config.hook.pytest_cmdline_main(
  File &quot;c:\users\a610037\appdata\local\programs\python\python38-32\lib\site-packages\pluggy\hooks.py&quot;, line 286, in __call__
    return self._hookexec(self, self.get_hookimpls(), kwargs)
  File &quot;c:\users\a610037\appdata\local\programs\python\python38-32\lib\site-packages\pluggy\manager.py&quot;, line 93, in _hookexec
    return self._inner_hookexec(hook, methods, kwargs)
  File &quot;c:\users\a610037\appdata\local\programs\python\python38-32\lib\site-packages\pluggy\manager.py&quot;, line 84, in &lt;lambda&gt;
    self._inner_hookexec = lambda hook, methods, kwargs: hook.multicall(
  File &quot;c:\users\a610037\appdata\local\programs\python\python38-32\lib\site-packages\pluggy\callers.py&quot;, line 187, in _multicall
    res = hook_impl.function(*args)
  File &quot;c:\users\a610037\appdata\local\programs\python\python38-32\lib\site-packages\_pytest\main.py&quot;, line 316, in pytest_cmdline_main
    return wrap_session(config, _main)
  File &quot;c:\users\a610037\appdata\local\programs\python\python38-32\lib\site-packages\_pytest\main.py&quot;, line 269, in wrap_session
    session.exitstatus = doit(config, session) or 0
  File &quot;c:\users\a610037\appdata\local\programs\python\python38-32\lib\site-packages\_pytest\main.py&quot;, line 323, in _main
    config.hook.pytest_runtestloop(session=session)
  File &quot;c:\users\a610037\appdata\local\programs\python\python38-32\lib\site-packages\pluggy\hooks.py&quot;, line 286, in __call__
    return self._hookexec(self, self.get_hookimpls(), kwargs)
  File &quot;c:\users\a610037\appdata\local\programs\python\python38-32\lib\site-packages\pluggy\manager.py&quot;, line 93, in _hookexec
    return self._inner_hookexec(hook, methods, kwargs)
  File &quot;c:\users\a610037\appdata\local\programs\python\python38-32\lib\site-packages\pluggy\manager.py&quot;, line 84, in &lt;lambda&gt;
    self._inner_hookexec = lambda hook, methods, kwargs: hook.multicall(
  File &quot;c:\users\a610037\appdata\local\programs\python\python38-32\lib\site-packages\pluggy\callers.py&quot;, line 187, in _multicall
    res = hook_impl.function(*args)
  File &quot;c:\users\a610037\appdata\local\programs\python\python38-32\lib\site-packages\_pytest\main.py&quot;, line 348, in pytest_runtestloop
    item.config.hook.pytest_runtest_protocol(item=item, nextitem=nextitem)
  File &quot;c:\users\a610037\appdata\local\programs\python\python38-32\lib\site-packages\pluggy\hooks.py&quot;, line 286, in __call__
    return self._hookexec(self, self.get_hookimpls(), kwargs)
  File &quot;c:\users\a610037\appdata\local\programs\python\python38-32\lib\site-packages\pluggy\manager.py&quot;, line 93, in _hookexec
    return self._inner_hookexec(hook, methods, kwargs)
  File &quot;c:\users\a610037\appdata\local\programs\python\python38-32\lib\site-packages\pluggy\manager.py&quot;, line 84, in &lt;lambda&gt;
    self._inner_hookexec = lambda hook, methods, kwargs: hook.multicall(
  File &quot;c:\users\a610037\appdata\local\programs\python\python38-32\lib\site-packages\pluggy\callers.py&quot;, line 187, in _multicall
    res = hook_impl.function(*args)
  File &quot;c:\users\a610037\appdata\local\programs\python\python38-32\lib\site-packages\_pytest\runner.py&quot;, line 109, in pytest_runtest_protocol
    runtestprotocol(item, nextitem=nextitem)
  File &quot;c:\users\a610037\appdata\local\programs\python\python38-32\lib\site-packages\_pytest\runner.py&quot;, line 126, in runtestprotocol
    reports.append(call_and_report(item, &quot;call&quot;, log))
  File &quot;c:\users\a610037\appdata\local\programs\python\python38-32\lib\site-packages\_pytest\runner.py&quot;, line 215, in call_and_report
    call = call_runtest_hook(item, when, **kwds)
  File &quot;c:\users\a610037\appdata\local\programs\python\python38-32\lib\site-packages\_pytest\runner.py&quot;, line 254, in call_runtest_hook
    return CallInfo.from_call(
  File &quot;c:\users\a610037\appdata\local\programs\python\python38-32\lib\site-packages\_pytest\runner.py&quot;, line 311, in from_call
    result: Optional[TResult] = func()
  File &quot;c:\users\a610037\appdata\local\programs\python\python38-32\lib\site-packages\_pytest\runner.py&quot;, line 255, in &lt;lambda&gt;
    lambda: ihook(item=item, **kwds), when=when, reraise=reraise
  File &quot;c:\users\a610037\appdata\local\programs\python\python38-32\lib\site-packages\pluggy\hooks.py&quot;, line 286, in __call__
    return self._hookexec(self, self.get_hookimpls(), kwargs)
  File &quot;c:\users\a610037\appdata\local\programs\python\python38-32\lib\site-packages\pluggy\manager.py&quot;, line 93, in _hookexec
    return self._inner_hookexec(hook, methods, kwargs)
  File &quot;c:\users\a610037\appdata\local\programs\python\python38-32\lib\site-packages\pluggy\manager.py&quot;, line 84, in &lt;lambda&gt;
    self._inner_hookexec = lambda hook, methods, kwargs: hook.multicall(
  File &quot;c:\users\a610037\appdata\local\programs\python\python38-32\lib\site-packages\pluggy\callers.py&quot;, line 187, in _multicall
    res = hook_impl.function(*args)
  File &quot;c:\users\a610037\appdata\local\programs\python\python38-32\lib\site-packages\_pytest\runner.py&quot;, line 162, in pytest_runtest_call
    item.runtest()
  File &quot;c:\users\a610037\appdata\local\programs\python\python38-32\lib\site-packages\_pytest\python.py&quot;, line 1641, in runtest
    self.ihook.pytest_pyfunc_call(pyfuncitem=self)
  File &quot;c:\users\a610037\appdata\local\programs\python\python38-32\lib\site-packages\pluggy\hooks.py&quot;, line 286, in __call__
    return self._hookexec(self, self.get_hookimpls(), kwargs)
  File &quot;c:\users\a610037\appdata\local\programs\python\python38-32\lib\site-packages\pluggy\manager.py&quot;, line 93, in _hookexec
    return self._inner_hookexec(hook, methods, kwargs)
  File &quot;c:\users\a610037\appdata\local\programs\python\python38-32\lib\site-packages\pluggy\manager.py&quot;, line 84, in &lt;lambda&gt;
    self._inner_hookexec = lambda hook, methods, kwargs: hook.multicall(
  File &quot;c:\users\a610037\appdata\local\programs\python\python38-32\lib\site-packages\pluggy\callers.py&quot;, line 187, in _multicall
    res = hook_impl.function(*args)
  File &quot;c:\users\a610037\appdata\local\programs\python\python38-32\lib\site-packages\_pytest\python.py&quot;, line 183, in pytest_pyfunc_call
    result = testfunction(**testargs)
  File &quot;c:\users\a610037\appdata\local\programs\python\python38-32\lib\site-packages\pytest_bdd\scenario.py&quot;, line 177, in scenario_wrapper
    _execute_scenario(feature, scenario, request, encoding)
  File &quot;c:\users\a610037\appdata\local\programs\python\python38-32\lib\site-packages\pytest_bdd\scenario.py&quot;, line 143, in _execute_scenario
    _execute_step_function(request, scenario, step, step_func)
  File &quot;c:\users\a610037\appdata\local\programs\python\python38-32\lib\site-packages\pytest_bdd\scenario.py&quot;, line 113, in _execute_step_function
    return_value = step_func(**kwargs)
  File &quot;C:\Users\A610037\PycharmProjects\git-pytest-bdd\tests\step_defs\test_registration.py&quot;, line 49, in successful_registration
    result = account.success_message(success)
  File &quot;C:\Users\A610037\PycharmProjects\git-pytest-bdd\pages\account_creation\account_creation.py&quot;, line 70, in success_message
    return self.isElementDisplayed(_success_message,&#x27;xpath&#x27;)
  File &quot;C:\Users\A610037\PycharmProjects\git-pytest-bdd\base\selenium_driver.py&quot;, line 280, in isElementDisplayed
    element = self.findElement(locator, locatorType)
  File &quot;C:\Users\A610037\PycharmProjects\git-pytest-bdd\base\selenium_driver.py&quot;, line 61, in findElement
    print_stack()
<br/> -------------------------------Captured log call-------------------------------- <br/>INFO     Account:selenium_driver.py:54 Element found with locatorType : xpath &amp; locator : //a/span[text()=&#x27;Account&#x27;]&lt;selenium.webdriver.remote.webelement.WebElement (session=&quot;4255b5996cf1cc5c281c8a96d840032c&quot;, element=&quot;d759dab9-72dd-4d77-a36f-3ed1d8fae2fd&quot;)&gt;
INFO     Account:selenium_driver.py:104 Clicked on Element : &lt;selenium.webdriver.remote.webelement.WebElement (session=&quot;4255b5996cf1cc5c281c8a96d840032c&quot;, element=&quot;d759dab9-72dd-4d77-a36f-3ed1d8fae2fd&quot;)&gt;
INFO     Account:selenium_driver.py:54 Element found with locatorType : link &amp; locator : Register&lt;selenium.webdriver.remote.webelement.WebElement (session=&quot;4255b5996cf1cc5c281c8a96d840032c&quot;, element=&quot;44215283-dadf-4184-9d06-75d1f2f3a5c6&quot;)&gt;
INFO     Account:selenium_driver.py:104 Clicked on Element : &lt;selenium.webdriver.remote.webelement.WebElement (session=&quot;4255b5996cf1cc5c281c8a96d840032c&quot;, element=&quot;44215283-dadf-4184-9d06-75d1f2f3a5c6&quot;)&gt;
INFO     Account:selenium_driver.py:54 Element found with locatorType : xpath &amp; locator : //a/span[text()=&#x27;Account&#x27;]&lt;selenium.webdriver.remote.webelement.WebElement (session=&quot;4255b5996cf1cc5c281c8a96d840032c&quot;, element=&quot;b01627bc-94ec-4046-858b-54aa0deb89d9&quot;)&gt;
INFO     Account:selenium_driver.py:104 Clicked on Element : &lt;selenium.webdriver.remote.webelement.WebElement (session=&quot;4255b5996cf1cc5c281c8a96d840032c&quot;, element=&quot;b01627bc-94ec-4046-858b-54aa0deb89d9&quot;)&gt;
INFO     Account:selenium_driver.py:54 Element found with locatorType : link &amp; locator : Register&lt;selenium.webdriver.remote.webelement.WebElement (session=&quot;4255b5996cf1cc5c281c8a96d840032c&quot;, element=&quot;5fdbdacd-f360-497c-9874-0c42aed3d30b&quot;)&gt;
INFO     Account:selenium_driver.py:104 Clicked on Element : &lt;selenium.webdriver.remote.webelement.WebElement (session=&quot;4255b5996cf1cc5c281c8a96d840032c&quot;, element=&quot;5fdbdacd-f360-497c-9874-0c42aed3d30b&quot;)&gt;
INFO     Account:selenium_driver.py:54 Element found with locatorType : id &amp; locator : firstname&lt;selenium.webdriver.remote.webelement.WebElement (session=&quot;4255b5996cf1cc5c281c8a96d840032c&quot;, element=&quot;36704fcb-5ff8-4397-b167-28eb3c5fcf16&quot;)&gt;
INFO     Account:selenium_driver.py:115 Text : Test entered on locator: firstname
INFO     Account:selenium_driver.py:54 Element found with locatorType : id &amp; locator : lastname&lt;selenium.webdriver.remote.webelement.WebElement (session=&quot;4255b5996cf1cc5c281c8a96d840032c&quot;, element=&quot;f6ea2635-dabe-4389-bed1-7e0a6f4d7866&quot;)&gt;
INFO     Account:selenium_driver.py:115 Text : twentyfive entered on locator: lastname
INFO     Account:selenium_driver.py:54 Element found with locatorType : id &amp; locator : email_address&lt;selenium.webdriver.remote.webelement.WebElement (session=&quot;4255b5996cf1cc5c281c8a96d840032c&quot;, element=&quot;0affed85-36e5-49bc-89c2-5a8f17923fa9&quot;)&gt;
INFO     Account:selenium_driver.py:115 Text : test@twentyfive.com entered on locator: email_address
INFO     Account:selenium_driver.py:54 Element found with locatorType : id &amp; locator : password&lt;selenium.webdriver.remote.webelement.WebElement (session=&quot;4255b5996cf1cc5c281c8a96d840032c&quot;, element=&quot;7ed04f6b-e0ad-4672-9d56-b8127af1e0c4&quot;)&gt;
INFO     Account:selenium_driver.py:115 Text : test12345 entered on locator: password
INFO     Account:selenium_driver.py:54 Element found with locatorType : id &amp; locator : confirmation&lt;selenium.webdriver.remote.webelement.WebElement (session=&quot;4255b5996cf1cc5c281c8a96d840032c&quot;, element=&quot;f5b0e411-f98b-4d57-a06a-b46305f7c420&quot;)&gt;
INFO     Account:selenium_driver.py:115 Text : test12345 entered on locator: confirmation
INFO     Account:selenium_driver.py:54 Element found with locatorType : id &amp; locator : is_subscribed&lt;selenium.webdriver.remote.webelement.WebElement (session=&quot;4255b5996cf1cc5c281c8a96d840032c&quot;, element=&quot;d064436d-8a5b-4c22-a1ab-569dc7f7a003&quot;)&gt;
INFO     Account:selenium_driver.py:104 Clicked on Element : &lt;selenium.webdriver.remote.webelement.WebElement (session=&quot;4255b5996cf1cc5c281c8a96d840032c&quot;, element=&quot;d064436d-8a5b-4c22-a1ab-569dc7f7a003&quot;)&gt;
INFO     Account:selenium_driver.py:54 Element found with locatorType : xpath &amp; locator : //button[@title=&#x27;Register&#x27;]&lt;selenium.webdriver.remote.webelement.WebElement (session=&quot;4255b5996cf1cc5c281c8a96d840032c&quot;, element=&quot;e4f83fe6-1c90-4ce8-b8c5-6a1339872d2a&quot;)&gt;
INFO     Account:selenium_driver.py:104 Clicked on Element : &lt;selenium.webdriver.remote.webelement.WebElement (session=&quot;4255b5996cf1cc5c281c8a96d840032c&quot;, element=&quot;e4f83fe6-1c90-4ce8-b8c5-6a1339872d2a&quot;)&gt;
INFO     Account:selenium_driver.py:58 Element could not be found with type : xpath and locator : //span[text()=&#x27;Thank you for registering with Main Website Store.&#x27;]Message: no such element: Unable to locate element: {&quot;method&quot;:&quot;xpath&quot;,&quot;selector&quot;:&quot;//span[text()=&#x27;Thank you for registering with Main Website Store.&#x27;]&quot;}
  (Session info: chrome=87.0.4280.88)

WARNING  Account:selenium_driver.py:291 Exception occured while executing isElementDisplayed :: exception occured :: &#x27;NoneType&#x27; object has no attribute &#x27;is_displayed&#x27;
INFO     MarkTestStatus:mark_test_status.py:23 ###Verification Failed :: + Registration successful
INFO     MarkTestStatus:selenium_driver.py:273 ### Screenshot saved at path: C:\Users\A610037\PycharmProjects\git-pytest-bdd\base\..//screenshots//Registration successful16088224033146.png
INFO     MarkTestStatus:mark_test_status.py:44 Account Registration### Test Failed<br/></div></td></tr></tbody>
      <tbody class="skipped results-table-row">
        <tr>
          <td class="col-result">Skipped</td>
          <td class="col-name">tests/step_defs/test_mobile.py::test_one</td>
          <td class="col-duration">0.00</td>
          <td class="col-links"></td></tr>
        <tr>
          <td class="extra" colspan="4">
            <div class="log">(&#x27;c:\\users\\a610037\\appdata\\local\\programs\\python\\python38-32\\lib\\site-packages\\pytest_bdd\\scenario.py&#x27;, 175, &#x27;Skipped: unconditional skip&#x27;)<br/></div></td></tr></tbody></table></body></html>